[16-Oct-2023 12:48:45 UTC] PHP Fatal error:  Uncaught TypeError: call_user_func_array(): Argument #1 ($callback) must be a valid callback, function "handle_text_submission" not found or invalid function name in /var/www/html/wp-includes/class-wp-hook.php:310
Stack trace:
#0 /var/www/html/wp-includes/class-wp-hook.php(334): WP_Hook->apply_filters(NULL, Array)
#1 /var/www/html/wp-includes/plugin.php(517): WP_Hook->do_action(Array)
#2 /var/www/html/wp-settings.php(632): do_action('init')
#3 /var/www/html/wp-config.php(140): require_once('/var/www/html/w...')
#4 /var/www/html/wp-load.php(50): require_once('/var/www/html/w...')
#5 /var/www/html/wp-admin/admin.php(34): require_once('/var/www/html/w...')
#6 /var/www/html/wp-admin/index.php(10): require_once('/var/www/html/w...')
#7 {main}
  thrown in /var/www/html/wp-includes/class-wp-hook.php on line 310
[16-Oct-2023 12:48:48 UTC] PHP Fatal error:  Uncaught TypeError: call_user_func_array(): Argument #1 ($callback) must be a valid callback, function "handle_text_submission" not found or invalid function name in /var/www/html/wp-includes/class-wp-hook.php:310
Stack trace:
#0 /var/www/html/wp-includes/class-wp-hook.php(334): WP_Hook->apply_filters(NULL, Array)
#1 /var/www/html/wp-includes/plugin.php(517): WP_Hook->do_action(Array)
#2 /var/www/html/wp-settings.php(632): do_action('init')
#3 /var/www/html/wp-config.php(140): require_once('/var/www/html/w...')
#4 /var/www/html/wp-load.php(50): require_once('/var/www/html/w...')
#5 /var/www/html/wp-blog-header.php(13): require_once('/var/www/html/w...')
#6 /var/www/html/index.php(17): require('/var/www/html/w...')
#7 {main}
  thrown in /var/www/html/wp-includes/class-wp-hook.php on line 310
